2012-10-9 13:39:49 org.apache.catalina.core.AprLifecycleListener init
信息: The APR based Apache Tomcat Native library which allows optimal performance in production environments was not found on the java.library.path: /usr/lib/jvm/java-6-openjdk/jre/lib/amd64/server:/usr/lib/jvm/java-6-openjdk/jre/lib/amd64:/usr/lib/jvm/java-6-openjdk/jre/../lib/amd64:/usr/java/packages/lib/amd64:/usr/lib64:/lib64:/lib:/usr/lib
2012-10-9 13:39:50 org.apache.coyote.http11.Http11Protocol init
信息: Initializing Coyote HTTP/1.1 on http-8080
2012-10-9 13:39:50 org.apache.catalina.startup.Catalina load
信息: Initialization processed in 409 ms
2012-10-9 13:39:50 org.apache.catalina.core.StandardService start
信息: Starting service Catalina
2012-10-9 13:39:50 org.apache.catalina.core.StandardEngine start
信息: Starting Servlet Engine: Apache Tomcat/6.0.29
2012-10-9 13:39:50 org.apache.catalina.startup.ContextConfig init
严重: Exception fixing docBase for context [/] 
java.io.IOException: Application base directory /home/sogo/code/Performance does not exist
	at org.apache.catalina.startup.ExpandWar.expand(ExpandWar.java:123)
	at org.apache.catalina.startup.ContextConfig.fixDocBase(ContextConfig.java:905)
	at org.apache.catalina.startup.ContextConfig.init(ContextConfig.java:1021)
	at org.apache.catalina.startup.ContextConfig.lifecycleEvent(ContextConfig.java:279)
	at org.apache.catalina.util.LifecycleSupport.fireLifecycleEvent(LifecycleSupport.java:119)
	at org.apache.catalina.core.StandardContext.init(StandardContext.java:5602)
	at org.apache.catalina.core.StandardContext.start(StandardContext.java:4378)
	at org.apache.catalina.core.ContainerBase.start(ContainerBase.java:1045)
	at org.apache.catalina.core.StandardHost.start(StandardHost.java:785)
	at org.apache.catalina.core.ContainerBase.start(ContainerBase.java:1045)
	at org.apache.catalina.core.StandardEngine.start(StandardEngine.java:445)
	at org.apache.catalina.core.StandardService.start(StandardService.java:519)
	at org.apache.catalina.core.StandardServer.start(StandardServer.java:710)
	at org.apache.catalina.startup.Catalina.start(Catalina.java:581)
	at sun.reflect.NativeMethodAccessorImpl.invoke0(Native Method)
	at sun.reflect.NativeMethodAccessorImpl.invoke(NativeMethodAccessorImpl.java:57)
	at sun.reflect.DelegatingMethodAccessorImpl.invoke(DelegatingMethodAccessorImpl.java:43)
	at java.lang.reflect.Method.invoke(Method.java:616)
	at org.apache.catalina.startup.Bootstrap.start(Bootstrap.java:289)
	at org.apache.catalina.startup.Bootstrap.main(Bootstrap.java:414)
2012-10-9 13:39:50 org.apache.catalina.core.StandardContext resourcesStart
严重: Error starting static Resources
java.lang.IllegalArgumentException: Document base /home/sogo/code/Performance does not exist or is not a readable directory
	at org.apache.naming.resources.FileDirContext.setDocBase(FileDirContext.java:142)
	at org.apache.catalina.core.StandardContext.resourcesStart(StandardContext.java:4249)
	at org.apache.catalina.core.StandardContext.start(StandardContext.java:4418)
	at org.apache.catalina.core.ContainerBase.start(ContainerBase.java:1045)
	at org.apache.catalina.core.StandardHost.start(StandardHost.java:785)
	at org.apache.catalina.core.ContainerBase.start(ContainerBase.java:1045)
	at org.apache.catalina.core.StandardEngine.start(StandardEngine.java:445)
	at org.apache.catalina.core.StandardService.start(StandardService.java:519)
	at org.apache.catalina.core.StandardServer.start(StandardServer.java:710)
	at org.apache.catalina.startup.Catalina.start(Catalina.java:581)
	at sun.reflect.NativeMethodAccessorImpl.invoke0(Native Method)
	at sun.reflect.NativeMethodAccessorImpl.invoke(NativeMethodAccessorImpl.java:57)
	at sun.reflect.DelegatingMethodAccessorImpl.invoke(DelegatingMethodAccessorImpl.java:43)
	at java.lang.reflect.Method.invoke(Method.java:616)
	at org.apache.catalina.startup.Bootstrap.start(Bootstrap.java:289)
	at org.apache.catalina.startup.Bootstrap.main(Bootstrap.java:414)
2012-10-9 13:39:50 org.apache.catalina.core.StandardContext start
严重: Error in resourceStart()
2012-10-9 13:39:50 org.apache.catalina.core.StandardContext start
严重: Error getConfigured
2012-10-9 13:39:50 org.apache.catalina.core.StandardContext start
严重: Context [/] startup failed due to previous errors
2012-10-9 13:39:50 org.apache.catalina.core.StandardContext stop
信息: Container org.apache.catalina.core.ContainerBase.[Catalina].[jx.cold.dev.aifang.com].[/] has not been started
2012-10-9 13:39:50 org.apache.catalina.startup.HostConfig deployDirectory
信息: Deploying web application directory ROOT
2012-10-9 13:39:50 org.apache.catalina.startup.HostConfig deployDirectory
信息: Deploying web application directory docs
2012-10-9 13:39:50 org.apache.catalina.startup.HostConfig deployDirectory
信息: Deploying web application directory manager
2012-10-9 13:39:51 org.apache.catalina.core.StandardContext start
严重: Error filterStart
2012-10-9 13:39:51 org.apache.catalina.core.StandardContext start
严重: Context [/manager] startup failed due to previous errors
2012-10-9 13:39:51 org.apache.catalina.startup.HostConfig deployDirectory
信息: Deploying web application directory host-manager
2012-10-9 13:39:51 org.apache.catalina.core.StandardContext start
严重: Error filterStart
2012-10-9 13:39:51 org.apache.catalina.core.StandardContext start
严重: Context [/host-manager] startup failed due to previous errors
2012-10-9 13:39:51 org.apache.catalina.startup.HostConfig deployDirectory
信息: Deploying web application directory examples
2012-10-9 13:39:51 org.apache.coyote.http11.Http11Protocol start
信息: Starting Coyote HTTP/1.1 on http-8080
2012-10-9 13:39:51 org.apache.jk.common.ChannelSocket init
信息: JK: ajp13 listening on /0.0.0.0:8009
2012-10-9 13:39:51 org.apache.jk.server.JkMain start
信息: Jk running ID=0 time=0/12  config=null
2012-10-9 13:39:51 org.apache.catalina.startup.Catalina start
信息: Server startup in 1457 ms
